[2020-05-01T12:34:35.927] [DEBUG] cheese - login => username:sas,password:123456
[2020-05-01T12:34:35.929] [DEBUG] cheese - sas
[2020-05-01T12:34:35.989] [DEBUG] cheese - null
[2020-05-01T12:34:35.990] [DEBUG] cheese - null
[2020-05-01T12:34:42.760] [DEBUG] cheese - login => username:admin,password:123456
[2020-05-01T12:34:42.760] [DEBUG] cheese - admin
[2020-05-01T12:34:42.767] [DEBUG] cheese - null
[2020-05-01T12:34:42.767] [DEBUG] cheese - null
[2020-05-04T20:11:47.401] [DEBUG] cheese - login => username:admin,password:123456
[2020-05-04T20:11:47.415] [DEBUG] cheese - admin
[2020-05-04T20:11:47.429] [DEBUG] cheese - null
[2020-05-04T20:11:47.430] [DEBUG] cheese - null
[2020-05-04T20:18:18.051] [DEBUG] cheese - login => username:admin,password:123456
[2020-05-04T20:18:18.051] [DEBUG] cheese - admin
[2020-05-04T20:18:18.054] [DEBUG] cheese - null
[2020-05-04T20:18:18.054] [DEBUG] cheese - null
[2020-05-04T20:20:16.380] [DEBUG] cheese - login => username:admin,password:123333333
[2020-05-04T20:20:16.380] [DEBUG] cheese - admin
[2020-05-04T20:20:16.383] [DEBUG] cheese - null
[2020-05-04T20:20:16.384] [DEBUG] cheese - null
[2020-05-04T20:20:20.543] [DEBUG] cheese - login => username:admin,password:123456
[2020-05-04T20:20:20.544] [DEBUG] cheese - admin
[2020-05-04T20:20:20.548] [DEBUG] cheese - null
[2020-05-04T20:20:20.548] [DEBUG] cheese - null
[2020-05-04T20:22:50.303] [DEBUG] cheese - login => username:qqq,password:123sasa
[2020-05-04T20:22:50.303] [DEBUG] cheese - qqq
[2020-05-04T20:22:50.307] [DEBUG] cheese - null
[2020-05-04T20:22:50.307] [DEBUG] cheese - null
[2020-05-04T20:22:55.965] [DEBUG] cheese - login => username:admin,password:123456
[2020-05-04T20:22:55.966] [DEBUG] cheese - admin
[2020-05-04T20:22:55.969] [DEBUG] cheese - null
[2020-05-04T20:22:55.969] [DEBUG] cheese - null
[2020-05-04T20:22:58.188] [DEBUG] cheese - login => username:admin,password:123456
[2020-05-04T20:22:58.188] [DEBUG] cheese - admin
[2020-05-04T20:22:58.191] [DEBUG] cheese - null
[2020-05-04T20:22:58.191] [DEBUG] cheese - null
[2020-05-04T20:23:07.470] [DEBUG] cheese - login => username:admin,password:123456sas
[2020-05-04T20:23:07.470] [DEBUG] cheese - admin
[2020-05-04T20:23:07.474] [DEBUG] cheese - null
[2020-05-04T20:23:07.474] [DEBUG] cheese - null
[2020-05-04T20:25:07.028] [DEBUG] cheese - login => username:qqq,password:123dsds
[2020-05-04T20:25:07.028] [DEBUG] cheese - qqq
[2020-05-04T20:25:07.031] [DEBUG] cheese - null
[2020-05-04T20:25:07.031] [DEBUG] cheese - null
[2020-05-04T22:43:36.450] [DEBUG] cheese - login => username:qqq,password:123dsds
[2020-05-04T22:43:36.450] [DEBUG] cheese - qqq
[2020-05-04T22:43:36.453] [DEBUG] cheese - null
[2020-05-04T22:43:36.454] [DEBUG] cheese - null
[2020-05-04T22:46:18.657] [DEBUG] cheese - login => username:qqq,password:123dsdsd
[2020-05-04T22:46:18.657] [DEBUG] cheese - qqq
[2020-05-04T22:46:18.660] [DEBUG] cheese - null
[2020-05-04T22:46:18.660] [DEBUG] cheese - null
[2020-05-04T22:46:24.420] [DEBUG] cheese - login => username:admin,password:123456
[2020-05-04T22:46:24.420] [DEBUG] cheese - admin
[2020-05-04T22:46:24.424] [DEBUG] cheese - null
[2020-05-04T22:46:24.424] [DEBUG] cheese - null
[2020-05-04T22:48:21.480] [DEBUG] cheese - login => username:qqq,password:123sasa
[2020-05-04T22:48:21.480] [DEBUG] cheese - qqq
[2020-05-04T22:48:21.484] [DEBUG] cheese - null
[2020-05-04T22:48:21.484] [DEBUG] cheese - null
[2020-05-04T22:50:42.084] [DEBUG] cheese - login => username:qqq,password:123dsdsd
[2020-05-04T22:50:42.084] [DEBUG] cheese - qqq
[2020-05-04T22:50:42.086] [DEBUG] cheese - null
[2020-05-04T22:50:42.086] [DEBUG] cheese - null
[2020-05-04T22:50:50.068] [DEBUG] cheese - login => username:admin,password:12345
[2020-05-04T22:50:50.068] [DEBUG] cheese - admin
[2020-05-04T22:50:50.071] [DEBUG] cheese - null
[2020-05-04T22:50:50.071] [DEBUG] cheese - null
[2020-05-04T22:50:53.390] [DEBUG] cheese - login => username:admin,password:123456
[2020-05-04T22:50:53.390] [DEBUG] cheese - admin
[2020-05-04T22:50:53.393] [DEBUG] cheese - null
[2020-05-04T22:50:53.393] [DEBUG] cheese - null
[2020-05-04T22:51:31.747] [DEBUG] cheese - login => username:qqq,password:123sasa
[2020-05-04T22:51:31.747] [DEBUG] cheese - qqq
[2020-05-04T22:51:31.750] [DEBUG] cheese - null
[2020-05-04T22:51:31.750] [DEBUG] cheese - null
[2020-05-04T22:54:35.865] [DEBUG] cheese - login => username:qqq,password:123dsds
[2020-05-04T22:54:35.865] [DEBUG] cheese - qqq
[2020-05-04T22:54:35.868] [DEBUG] cheese - null
[2020-05-04T22:54:35.868] [DEBUG] cheese - null
[2020-05-04T22:54:41.374] [DEBUG] cheese - login => username:admin,password:123456
[2020-05-04T22:54:41.374] [DEBUG] cheese - admin
[2020-05-04T22:54:41.377] [DEBUG] cheese - null
[2020-05-04T22:54:41.377] [DEBUG] cheese - null
[2020-05-04T23:03:57.367] [DEBUG] cheese - login => username:admin,password:123456
[2020-05-04T23:03:57.367] [DEBUG] cheese - admin
[2020-05-04T23:03:57.370] [DEBUG] cheese - null
[2020-05-04T23:03:57.370] [DEBUG] cheese - null
[2020-05-04T23:04:24.614] [DEBUG] cheese - login => username:admin,password:123456
[2020-05-04T23:04:24.614] [DEBUG] cheese - admin
[2020-05-04T23:04:24.618] [DEBUG] cheese - null
[2020-05-04T23:04:24.618] [DEBUG] cheese - null
[2020-05-04T23:06:07.938] [DEBUG] cheese - login => username:admin,password:123456d
[2020-05-04T23:06:07.938] [DEBUG] cheese - admin
[2020-05-04T23:06:07.941] [DEBUG] cheese - null
[2020-05-04T23:06:07.941] [DEBUG] cheese - null
[2020-05-04T23:06:10.787] [DEBUG] cheese - login => username:admin,password:123456
[2020-05-04T23:06:10.787] [DEBUG] cheese - admin
[2020-05-04T23:06:10.790] [DEBUG] cheese - null
[2020-05-04T23:06:10.791] [DEBUG] cheese - null
[2020-05-04T23:07:57.570] [DEBUG] cheese - login => username:admin,password:123456ds
[2020-05-04T23:07:57.570] [DEBUG] cheese - admin
[2020-05-04T23:07:57.573] [DEBUG] cheese - null
[2020-05-04T23:07:57.573] [DEBUG] cheese - null
[2020-05-04T23:08:01.314] [DEBUG] cheese - login => username:admin,password:123456
[2020-05-04T23:08:01.315] [DEBUG] cheese - admin
[2020-05-04T23:08:01.319] [DEBUG] cheese - null
[2020-05-04T23:08:01.319] [DEBUG] cheese - null
[2020-05-05T08:51:14.828] [DEBUG] cheese - login => username:admin,password:123456d
[2020-05-05T08:51:14.828] [DEBUG] cheese - admin
[2020-05-05T08:51:14.831] [DEBUG] cheese - null
[2020-05-05T08:51:14.831] [DEBUG] cheese - null
[2020-05-05T08:51:17.317] [DEBUG] cheese - login => username:admin,password:123456
[2020-05-05T08:51:17.317] [DEBUG] cheese - admin
[2020-05-05T08:51:17.321] [DEBUG] cheese - null
[2020-05-05T08:51:17.321] [DEBUG] cheese - null
[2020-05-05T09:08:48.085] [DEBUG] cheese - login => username:admin,password:123456
[2020-05-05T09:08:48.086] [DEBUG] cheese - admin
[2020-05-05T09:08:48.089] [DEBUG] cheese - null
[2020-05-05T09:08:48.089] [DEBUG] cheese - null
[2020-05-05T09:09:14.310] [DEBUG] cheese - login => username:admin,password:123456
[2020-05-05T09:09:14.311] [DEBUG] cheese - admin
[2020-05-05T09:09:14.313] [DEBUG] cheese - null
[2020-05-05T09:09:14.314] [DEBUG] cheese - null
[2020-05-05T09:55:07.214] [DEBUG] cheese - login => username:admin,password:123456
[2020-05-05T09:55:07.215] [DEBUG] cheese - admin
[2020-05-05T09:55:07.220] [DEBUG] cheese - null
[2020-05-05T09:55:07.220] [DEBUG] cheese - null
[2020-05-05T10:21:18.250] [DEBUG] cheese - login => username:admin,password:123456
[2020-05-05T10:21:18.250] [DEBUG] cheese - admin
[2020-05-05T10:21:18.255] [DEBUG] cheese - null
[2020-05-05T10:21:18.255] [DEBUG] cheese - null
[2020-05-05T10:21:27.475] [DEBUG] cheese - login => username:admin,password:123456
[2020-05-05T10:21:27.475] [DEBUG] cheese - admin
[2020-05-05T10:21:27.478] [DEBUG] cheese - null
[2020-05-05T10:21:27.478] [DEBUG] cheese - null
[2020-05-05T10:21:45.802] [DEBUG] cheese - login => username:admin,password:123456
[2020-05-05T10:21:45.803] [DEBUG] cheese - admin
[2020-05-05T10:21:45.806] [DEBUG] cheese - null
[2020-05-05T10:21:45.806] [DEBUG] cheese - null
[2020-05-05T13:05:14.950] [DEBUG] cheese - login => username:admin,password:123456
[2020-05-05T13:05:14.955] [DEBUG] cheese - admin
[2020-05-05T13:05:14.963] [DEBUG] cheese - null
[2020-05-05T13:05:14.964] [DEBUG] cheese - null
[2020-05-05T13:07:16.266] [DEBUG] cheese - login => username:admin,password:123456
[2020-05-05T13:07:16.267] [DEBUG] cheese - admin
[2020-05-05T13:07:16.271] [DEBUG] cheese - null
[2020-05-05T13:07:16.271] [DEBUG] cheese - null
[2020-05-05T13:08:04.435] [DEBUG] cheese - login => username:admin,password:123456
[2020-05-05T13:08:04.435] [DEBUG] cheese - admin
[2020-05-05T13:08:04.439] [DEBUG] cheese - null
[2020-05-05T13:08:04.439] [DEBUG] cheese - null
[2020-05-05T16:49:47.567] [DEBUG] cheese - login => username:admin,password:123456ss
[2020-05-05T16:49:47.568] [DEBUG] cheese - admin
[2020-05-05T16:49:47.574] [DEBUG] cheese - null
[2020-05-05T16:49:47.574] [DEBUG] cheese - null
[2020-05-05T16:49:51.208] [DEBUG] cheese - login => username:admin,password:123456
[2020-05-05T16:49:51.208] [DEBUG] cheese - admin
[2020-05-05T16:49:51.211] [DEBUG] cheese - null
[2020-05-05T16:49:51.211] [DEBUG] cheese - null
[2020-05-05T17:08:23.803] [DEBUG] cheese - login => username:admin,password:123456
[2020-05-05T17:08:23.803] [DEBUG] cheese - admin
[2020-05-05T17:08:23.805] [DEBUG] cheese - null
[2020-05-05T17:08:23.805] [DEBUG] cheese - null
[2020-05-05T17:15:17.772] [DEBUG] cheese - login => username:admin,password:123456
[2020-05-05T17:15:17.772] [DEBUG] cheese - admin
[2020-05-05T17:15:17.775] [DEBUG] cheese - null
[2020-05-05T17:15:17.775] [DEBUG] cheese - null
[2020-05-05T19:55:20.191] [DEBUG] cheese - login => username:admin,password:123456
[2020-05-05T19:55:20.192] [DEBUG] cheese - admin
[2020-05-05T19:55:20.199] [DEBUG] cheese - null
[2020-05-05T19:55:20.199] [DEBUG] cheese - null
[2020-05-05T19:55:26.892] [DEBUG] cheese - login => username:admin,password:123456
[2020-05-05T19:55:26.892] [DEBUG] cheese - admin
[2020-05-05T19:55:26.894] [DEBUG] cheese - null
[2020-05-05T19:55:26.895] [DEBUG] cheese - null
[2020-05-05T23:23:23.359] [DEBUG] cheese - login => username:admin,password:123456
[2020-05-05T23:23:23.360] [DEBUG] cheese - admin
[2020-05-05T23:23:23.366] [DEBUG] cheese - null
[2020-05-05T23:23:23.366] [DEBUG] cheese - null
[2020-05-06T09:24:15.146] [DEBUG] cheese - login => username:admin,password:123456
[2020-05-06T09:24:15.147] [DEBUG] cheese - admin
[2020-05-06T09:24:15.153] [DEBUG] cheese - null
[2020-05-06T09:24:15.153] [DEBUG] cheese - null
[2020-05-06T09:58:09.782] [DEBUG] cheese - login => username:admin,password:123456
[2020-05-06T09:58:09.782] [DEBUG] cheese - admin
[2020-05-06T09:58:09.785] [DEBUG] cheese - null
[2020-05-06T09:58:09.785] [DEBUG] cheese - null
[2020-05-06T10:00:12.457] [DEBUG] cheese - login => username:admin,password:123456
[2020-05-06T10:00:12.457] [DEBUG] cheese - admin
[2020-05-06T10:00:12.460] [DEBUG] cheese - null
[2020-05-06T10:00:12.461] [DEBUG] cheese - null
[2020-05-06T10:02:56.095] [DEBUG] cheese - login => username:admin,password:123456
[2020-05-06T10:02:56.095] [DEBUG] cheese - admin
[2020-05-06T10:02:56.098] [DEBUG] cheese - null
[2020-05-06T10:02:56.099] [DEBUG] cheese - null
[2020-05-06T10:04:39.602] [DEBUG] cheese - login => username:admin,password:123456
[2020-05-06T10:04:39.602] [DEBUG] cheese - admin
[2020-05-06T10:04:39.605] [DEBUG] cheese - null
[2020-05-06T10:04:39.605] [DEBUG] cheese - null
[2020-05-06T11:42:52.908] [DEBUG] cheese - login => username:admin,password:123456
[2020-05-06T11:42:52.909] [DEBUG] cheese - admin
[2020-05-06T11:42:52.915] [DEBUG] cheese - null
[2020-05-06T11:42:52.915] [DEBUG] cheese - null
[2020-05-08T10:29:51.173] [DEBUG] cheese - login => username:admin,password:123456
[2020-05-08T10:29:51.175] [DEBUG] cheese - admin
[2020-05-08T10:29:51.204] [DEBUG] cheese - null
[2020-05-08T10:29:51.204] [DEBUG] cheese - null
[2020-05-08T17:12:30.011] [DEBUG] cheese - null
[2020-05-08T17:13:14.166] [DEBUG] cheese - null
[2020-05-08T17:20:00.548] [DEBUG] cheese - null
[2020-05-08T17:20:37.520] [DEBUG] cheese - null
[2020-05-08T17:20:42.392] [DEBUG] cheese - null
[2020-05-08T18:07:24.818] [DEBUG] cheese - null
[2020-05-08T18:13:49.602] [DEBUG] cheese - null
[2020-05-08T18:14:13.261] [DEBUG] cheese - null
[2020-05-08T18:16:10.015] [DEBUG] cheese - null
[2020-05-08T18:42:07.196] [DEBUG] cheese - null
[2020-05-08T18:42:17.867] [DEBUG] cheese - null
[2020-05-08T22:22:31.823] [DEBUG] cheese - null
[2020-05-08T22:31:24.617] [DEBUG] cheese - null
[2020-05-09T10:30:28.651] [DEBUG] cheese - login => username:admin,password:123456
[2020-05-09T10:30:28.652] [DEBUG] cheese - admin
[2020-05-09T10:30:28.656] [DEBUG] cheese - null
[2020-05-09T10:30:28.657] [DEBUG] cheese - null
[2020-05-10T10:41:57.898] [DEBUG] cheese - login => username:admin,password:123456
[2020-05-10T10:41:57.899] [DEBUG] cheese - admin
[2020-05-10T10:41:57.904] [DEBUG] cheese - null
[2020-05-10T10:41:57.904] [DEBUG] cheese - null
[2020-05-10T22:35:29.374] [DEBUG] cheese - login => username:admin,password:123456
[2020-05-10T22:35:29.374] [DEBUG] cheese - admin
[2020-05-10T22:35:29.379] [DEBUG] cheese - null
[2020-05-10T22:35:29.379] [DEBUG] cheese - null
[2020-05-11T13:05:01.055] [DEBUG] cheese - login => username:admin,password:123456
[2020-05-11T13:05:01.056] [DEBUG] cheese - admin
[2020-05-11T13:05:01.069] [DEBUG] cheese - null
[2020-05-11T13:05:01.069] [DEBUG] cheese - null
[2020-05-12T19:47:08.936] [DEBUG] cheese - login => username:admin,password:123456
[2020-05-12T19:47:08.937] [DEBUG] cheese - admin
[2020-05-12T19:47:09.132] [DEBUG] cheese - null
[2020-05-12T19:47:09.132] [DEBUG] cheese - null
[2020-05-12T20:54:40.676] [DEBUG] cheese - login => username:admin,password:123456
[2020-05-12T20:54:40.676] [DEBUG] cheese - admin
[2020-05-12T20:54:40.680] [DEBUG] cheese - null
[2020-05-12T20:54:40.680] [DEBUG] cheese - null
[2020-05-13T12:13:55.747] [DEBUG] cheese - login => username:admin,password:123456
[2020-05-13T12:13:55.782] [DEBUG] cheese - admin
[2020-05-13T12:13:55.795] [DEBUG] cheese - null
[2020-05-13T12:13:55.795] [DEBUG] cheese - null
[2020-05-13T13:17:56.766] [DEBUG] cheese - login => username:admin,password:123456
[2020-05-13T13:17:56.767] [DEBUG] cheese - admin
[2020-05-13T13:17:56.770] [DEBUG] cheese - null
[2020-05-13T13:17:56.770] [DEBUG] cheese - null
